datafile D:\documents\poptree2\demo-output.dat   Da was used

Number of loci compared 4
seed=1303 ninap=0


Distance matrix
          2     3     4     5     6     7     8     9    10    11    12    13    14
    1 0.064 0.081 0.187 0.256 0.033 0.013 0.086 0.019 0.027 0.120 0.060 0.081 0.069
    2       0.095 0.195 0.260 0.076 0.054 0.130 0.050 0.057 0.139 0.090 0.100 0.103
    3             0.080 0.154 0.081 0.059 0.092 0.057 0.054 0.090 0.042 0.020 0.069
    4                   0.087 0.181 0.157 0.198 0.156 0.146 0.142 0.115 0.095 0.184
    5                         0.261 0.236 0.297 0.232 0.213 0.270 0.207 0.184 0.265
    6                               0.023 0.087 0.028 0.031 0.103 0.059 0.075 0.079
    7                                     0.076 0.008 0.014 0.088 0.041 0.057 0.065
    8                                           0.079 0.082 0.134 0.074 0.076 0.074
    9                                                 0.010 0.092 0.038 0.059 0.057
   10                                                       0.093 0.039 0.054 0.059
   11                                                             0.060 0.070 0.113
   12                                                                   0.033 0.055
   13                                                                         0.066
         15
    1 0.091
    2 0.137
    3 0.088
    4 0.193
    5 0.295
    6 0.089
    7 0.080
    8 0.009
    9 0.085
   10 0.087
   11 0.138
   12 0.073
   13 0.074
   14 0.069

(Serbia-Vojvodina-:0.00584900,(((Albania-pop-2-:0.01258100,Romania-pop-3-:0.00073400):0.00134000,Romania-pop-2-:0.02003000):0.00323200,(Croatia-pop-3-:0.04861200,Serbia-pop-3-:0.00146900):0.00180800):0.00154900,(((((Norway-ethnic-Norwegians-:-0.00860500,(Norway-pop-2-:0.00092500,Norway-Sami-:0.08557900):0.08247600):0.01744900,UK-North-:0.00351900):0.01362400,Spain-Ibiza-:0.05561900):0.00333100,Spain-Majorca-:0.00591900):0.01290900,((Saudi-Arabia-pop-4-:0.00362300,Saudi-Arabia-pop-2-:0.00502900):0.04168800,Russia-North-Ossetian-:0.02591000):0.01107400):0.01612000);
